Server running in development mode on port 5000
MongoDB Connected: ac-0csheye-shard-00-00.pabt9rx.mongodb.net
[0mPOST /api/services/seed [32m201[0m 135.847 ms - 2950[0m
[0mGET /api/services [32m200[0m 54.545 ms - 2881[0m
[0mGET /api/services [32m200[0m 50.640 ms - -[0m
[0mGET /api/services?type=restaurant [32m200[0m 53.596 ms - 852[0m
[0mGET /api/services?type=restaurant [36m304[0m 50.244 ms - -[0m
[0mGET /api/services?type=hotel [32m200[0m 51.927 ms - 833[0m
[0mGET /api/services?type=hotel [36m304[0m 50.144 ms - -[0m
[0mGET /api/services?type=hotel [36m304[0m 51.445 ms - -[0m
[0mGET /api/services?type=restaurant [36m304[0m 347.136 ms - -[0m
[0mGET /api/services?type=hotel [36m304[0m 51.801 ms - -[0m
[0mGET /api/services?type=petrol_pump [32m200[0m 49.852 ms - 857[0m
[0mGET /api/services?type=market [32m200[0m 50.100 ms - 444[0m
[0mGET /api/services?type=restaurant [36m304[0m 52.000 ms - -[0m
[0mGET /api/services [32m200[0m 51.028 ms - -[0m
[0mGET /api/services [36m304[0m 52.857 ms - -[0m
[0mGET /api/services [36m304[0m 51.150 ms - -[0m
[0mGET /api/services [36m304[0m 48.232 ms - -[0m
[0mGET /api/services [36m304[0m 51.010 ms - -[0m
[0mGET /api/services [36m304[0m 52.740 ms - -[0m
[0mGET /api/services [36m304[0m 53.207 ms - -[0m
[0mPOST /api/services/seed [32m201[0m 129.061 ms - 2950[0m
[0mGET /api/services [32m200[0m 50.881 ms - -[0m
[0mGET /api/services [36m304[0m 50.853 ms - -[0m
[0mGET /api/services?type=restaurant [32m200[0m 48.924 ms - 852[0m
[0mGET /api/services?type=market [32m200[0m 49.200 ms - 444[0m
[0mGET /api/services?type=petrol_pump [32m200[0m 48.676 ms - 857[0m
[0mGET /api/services?type=hotel [32m200[0m 48.302 ms - 833[0m
[0mGET /api/services?type=restaurant [36m304[0m 49.108 ms - -[0m
[0mGET /api/services?type=hotel [36m304[0m 48.042 ms - -[0m
[0mGET /api/services?type=restaurant [36m304[0m 50.297 ms - -[0m
[0mPOST /api/auth/login [33m401[0m 54.488 ms - 39[0m
[0mPOST /api/auth/register [31m500[0m 54.290 ms - 69[0m
[0mPOST /api/auth/register [32m201[0m 398.933 ms - 288[0m
User connected: XYY-34I_mDZwlqSNAAAB
[0mPOST /api/auth/login [32m200[0m 115.553 ms - 288[0m
[0mGET /api/services?type=restaurant [36m304[0m 52.109 ms - -[0m
[0mGET /api/services?type=restaurant [36m304[0m 48.640 ms - -[0m
[0mGET /api/services?type=hotel [36m304[0m 50.352 ms - -[0m
[0mGET /api/services?type=petrol_pump [36m304[0m 56.239 ms - -[0m
[0mGET /api/services?type=market [36m304[0m 79.712 ms - -[0m
[0mGET /api/services?type=petrol_pump [36m304[0m 50.370 ms - -[0m
[0mGET /api/services?type=petrol_pump [32m200[0m 57.186 ms - 857[0m
[0mGET /api/services?type=petrol_pump [32m200[0m 51.075 ms - 857[0m
[0mGET /api/services?type=petrol_pump [32m200[0m 50.085 ms - 857[0m
User disconnected
User connected: _SIvsP9OBq0VHO6GAAAD
[0mGET /api/services?type=petrol_pump [36m304[0m 47.183 ms - -[0m
[0mGET /api/services?type=petrol_pump [36m304[0m 50.174 ms - -[0m
[0mGET /api/services?type=petrol_pump [32m200[0m 49.725 ms - 857[0m
